<?xml version="1.0" encoding="UTF-8"?>
<testsuite xmlns:xsi="http://www.w3.org/2001/XMLSchema-instance" xsi:noNamespaceSchemaLocation="https://maven.apache.org/surefire/maven-surefire-plugin/xsd/surefire-test-report.xsd" version="3.0.2" name="com.aicareermentor.backend.BackendApplicationTests" time="8.105" tests="1" errors="0" skipped="0" failures="0" flakes="0">
  <properties>
[...]
</properties>
  <testcase name="contextLoads" classname="com.aicareermentor.backend.BackendApplicationTests" time="0.308">
    <system-out><![CDATA[00:11:09.897 [main] INFO org.springframework.test.context.support.AnnotationConfigContextLoaderUtils -- Could not detect default configuration classes for test class [com.aicareermentor.backend.BackendApplicationTests]: BackendApplicationTests does not declare any static, non-private, non-final, nested classes annotated with @Configuration.
00:11:10.076 [main] INFO org.springframework.boot.test.context.SpringBootTestContextBootstrapper -- Found @SpringBootConfiguration com.aicareermentor.backend.BackendApplication for test class com.aicareermentor.backend.BackendApplicationTests
00:11:10.212 [main] INFO org.springframework.test.context.support.AnnotationConfigContextLoaderUtils -- Could not detect default configuration classes for test class [com.aicareermentor.backend.BackendApplicationTests]: BackendApplicationTests does not declare any static, non-private, non-final, nested classes annotated with @Configuration.
00:11:10.215 [main] INFO org.springframework.boot.test.context.SpringBootTestContextBootstrapper -- Found @SpringBootConfiguration com.aicareermentor.backend.BackendApplication for test class com.aicareermentor.backend.BackendApplicationTests

  .   ____          _            __ _ _
 /\\ / ___'_ __ _ _(_)_ __  __ _ \ \ \ \
( ( )\___ | '_ | '_| | '_ \/ _` | \ \ \ \
 \\/  ___)| |_)| | | | | || (_| |  ) ) ) )
  '  |____| .__|_| |_|_| |_\__, | / / / /
 =========|_|==============|___/=/_/_/_/

 :: Spring Boot ::                (v4.1.1)

2026-09-25T00:11:10.594+05:30  INFO 15824 --- [backend] [           main] c.a.backend.BackendApplicationTests      : Starting BackendApplicationTests using Java 26.0.2 with PID 15824 (started by Sienna05 in D:\documents\main demo\AI-Career-Mentor-Marketplace-main\backend)
2026-09-25T00:11:10.596+05:30  INFO 15824 --- [backend] [           main] c.a.backend.BackendApplicationTests      : No active profile set, falling back to 1 default profile: "default"
2026-09-25T00:11:11.474+05:30  INFO 15824 --- [backend] [           main] .s.d.r.c.RepositoryConfigurationDelegate : Bootstrapping Spring Data JPA repositories in DEFAULT mode.
2026-09-25T00:11:11.565+05:30  INFO 15824 --- [backend] [           main] .s.d.r.c.RepositoryConfigurationDelegate : Finished Spring Data repository scanning in 82 ms. Found 13 JPA repository interfaces.
2026-09-25T00:11:12.438+05:30  INFO 15824 --- [backend] [           main] org.hibernate.orm.jpa                    : HHH008540: Processing PersistenceUnitInfo [name: default]
2026-09-25T00:11:12.529+05:30  INFO 15824 --- [backend] [           main] org.hibernate.orm.core                   : HHH000001: Hibernate ORM core version 7.4.5.Final
2026-09-25T00:11:13.148+05:30  INFO 15824 --- [backend] [           main] o.s.o.j.p.SpringPersistenceUnitInfo      : No LoadTimeWeaver setup: ignoring JPA class transformer
2026-09-25T00:11:13.175+05:30  INFO 15824 --- [backend] [           main] com.zaxxer.hikari.HikariDataSource       : HikariPool-1 - Starting...
2026-09-25T00:11:13.540+05:30  INFO 15824 --- [backend] [           main] com.zaxxer.hikari.pool.HikariPool        : HikariPool-1 - Added connection com.mysql.cj.jdbc.ConnectionImpl@583030bd
2026-09-25T00:11:13.542+05:30  INFO 15824 --- [backend] [           main] com.zaxxer.hikari.HikariDataSource       : HikariPool-1 - Start completed.
2026-09-25T00:11:13.642+05:30  INFO 15824 --- [backend] [           main] org.hibernate.orm.connections.pooling    : HHH10001005: Database info:
	Database JDBC URL [jdbc:mysql://localhost:3306/ai_career_mentor1]
	Database driver: MySQL Connector/J
	Database dialect: MySQLDialect
	Database version: 8.0.46
	Default catalog/schema: ai_career_mentor1/undefined
	Autocommit mode: undefined/unknown
	Isolation level: REPEATABLE_READ [default REPEATABLE_READ]
	JDBC fetch size: none
	Pool: DataSourceConnectionProvider
	Minimum pool size: undefined/unknown
	Maximum pool size: undefined/unknown
2026-09-25T00:11:14.991+05:30  INFO 15824 --- [backend] [           main] org.hibernate.orm.core                   : HHH000489: No JTA platform available (set 'hibernate.transaction.jta.platform' to enable JTA platform integration)
2026-09-25T00:11:15.077+05:30  INFO 15824 --- [backend] [           main] j.LocalContainerEntityManagerFactoryBean : Initialized JPA EntityManagerFactory for persistence unit 'default'
2026-09-25T00:11:15.192+05:30  INFO 15824 --- [backend] [           main] o.s.d.j.r.query.QueryEnhancerFactories   : Hibernate is in classpath; If applicable, HQL parser will be used.
2026-09-25T00:11:16.078+05:30  WARN 15824 --- [backend] [           main] JpaBaseConfiguration$JpaWebConfiguration : spring.jpa.open-in-view is enabled by default. Therefore, database queries may be performed during view rendering. Explicitly configure spring.jpa.open-in-view to disable this warning
2026-09-25T00:11:16.572+05:30  INFO 15824 --- [backend] [           main] c.a.backend.BackendApplicationTests      : Started BackendApplicationTests in 6.274 seconds (process running for 7.545)
Hibernate: 
    select
        count(*) 
    from
        careers c1_0
Hibernate: 
    select
        c1_0.id,
        c1_0.analytical_score,
        c1_0.avg_salary,
        c1_0.career_id,
        c1_0.communication_score,
        c1_0.creative_score,
        c1_0.demand,
        c1_0.description,
        c1_0.global_opportunities,
        c1_0.growth,
        c1_0.leadership_score,
        c1_0.responsibilities,
        c1_0.salary_range,
        c1_0.skills,
        c1_0.tagline,
        c1_0.technical_score,
        c1_0.title,
        c1_0.top_location 
    from
        careers c1_0 
    where
        c1_0.career_id=?
Hibernate: 
    select
        s1_0.id,
        s1_0.description,
        s1_0.name 
    from
        skills s1_0 
    where
        s1_0.name=?
Hibernate: 
    select
        cs1_0.id 
    from
        career_skills cs1_0 
    where
        cs1_0.career_id=? 
        and cs1_0.skill_id=? 
    limit
        ?
Hibernate: 
    select
        s1_0.id,
        s1_0.description,
        s1_0.name 
    from
        skills s1_0 
    where
        s1_0.name=?
Hibernate: 
    select
        cs1_0.id 
    from
        career_skills cs1_0 
    where
        cs1_0.career_id=? 
        and cs1_0.skill_id=? 
    limit
        ?
Hibernate: 
    select
        s1_0.id,
        s1_0.description,
        s1_0.name 
    from
        skills s1_0 
    where
        s1_0.name=?
Hibernate: 
    select
        cs1_0.id 
    from
        career_skills cs1_0 
    where
        cs1_0.career_id=? 
        and cs1_0.skill_id=? 
    limit
        ?
Hibernate: 
    select
        s1_0.id,
        s1_0.description,
        s1_0.name 
    from
        skills s1_0 
    where
        s1_0.name=?
Hibernate: 
    select
        cs1_0.id 
    from
        career_skills cs1_0 
    where
        cs1_0.career_id=? 
        and cs1_0.skill_id=? 
    limit
        ?
Hibernate: 
    select
        s1_0.id,
        s1_0.description,
        s1_0.name 
    from
        skills s1_0 
    where
        s1_0.name=?
Hibernate: 
    select
        cs1_0.id 
    from
        career_skills cs1_0 
    where
        cs1_0.career_id=? 
        and cs1_0.skill_id=? 
    limit
        ?
Hibernate: 
    select
        s1_0.id,
        s1_0.description,
        s1_0.name 
    from
        skills s1_0 
    where
        s1_0.name=?
Hibernate: 
    select
        cs1_0.id 
    from
        career_skills cs1_0 
    where
        cs1_0.career_id=? 
        and cs1_0.skill_id=? 
    limit
        ?
Hibernate: 
    select
        s1_0.id,
        s1_0.description,
        s1_0.name 
    from
        skills s1_0 
    where
        s1_0.name=?
Hibernate: 
    select
        cs1_0.id 
    from
        career_skills cs1_0 
    where
        cs1_0.career_id=? 
        and cs1_0.skill_id=? 
    limit
        ?
Hibernate: 
    select
        c1_0.id,
        c1_0.analytical_score,
        c1_0.avg_salary,
        c1_0.career_id,
        c1_0.communication_score,
        c1_0.creative_score,
        c1_0.demand,
        c1_0.description,
        c1_0.global_opportunities,
        c1_0.growth,
        c1_0.leadership_score,
        c1_0.responsibilities,
        c1_0.salary_range,
        c1_0.skills,
        c1_0.tagline,
        c1_0.technical_score,
        c1_0.title,
        c1_0.top_location 
    from
        careers c1_0 
    where
        c1_0.career_id=?
Hibernate: 
    select
        s1_0.id,
        s1_0.description,
        s1_0.name 
    from
        skills s1_0 
    where
        s1_0.name=?
Hibernate: 
    select
        cs1_0.id 
    from
        career_skills cs1_0 
    where
        cs1_0.career_id=? 
        and cs1_0.skill_id=? 
    limit
        ?
Hibernate: 
    select
        s1_0.id,
        s1_0.description,
        s1_0.name 
    from
        skills s1_0 
    where
        s1_0.name=?
Hibernate: 
    select
        cs1_0.id 
    from
        career_skills cs1_0 
    where
        cs1_0.career_id=? 
        and cs1_0.skill_id=? 
    limit
        ?
Hibernate: 
    select
        s1_0.id,
        s1_0.description,
        s1_0.name 
    from
        skills s1_0 
    where
        s1_0.name=?
Hibernate: 
    select
        cs1_0.id 
    from
        career_skills cs1_0 
    where
        cs1_0.career_id=? 
        and cs1_0.skill_id=? 
    limit
        ?
Hibernate: 
    select
        s1_0.id,
        s1_0.description,
        s1_0.name 
    from
        skills s1_0 
    where
        s1_0.name=?
Hibernate: 
    select
        cs1_0.id 
    from
        career_skills cs1_0 
    where
        cs1_0.career_id=? 
        and cs1_0.skill_id=? 
    limit
        ?
Hibernate: 
    select
        s1_0.id,
        s1_0.description,
        s1_0.name 
    from
        skills s1_0 
    where
        s1_0.name=?
Hibernate: 
    select
        cs1_0.id 
    from
        career_skills cs1_0 
    where
        cs1_0.career_id=? 
        and cs1_0.skill_id=? 
    limit
        ?
Hibernate: 
    select
        s1_0.id,
        s1_0.description,
        s1_0.name 
    from
        skills s1_0 
    where
        s1_0.name=?
Hibernate: 
    select
        cs1_0.id 
    from
        career_skills cs1_0 
    where
        cs1_0.career_id=? 
        and cs1_0.skill_id=? 
    limit
        ?
Hibernate: 
    select
        s1_0.id,
        s1_0.description,
        s1_0.name 
    from
        skills s1_0 
    where
        s1_0.name=?
Hibernate: 
    select
        cs1_0.id 
    from
        career_skills cs1_0 
    where
        cs1_0.career_id=? 
        and cs1_0.skill_id=? 
    limit
        ?
Hibernate: 
    select
        c1_0.id,
        c1_0.analytical_score,
        c1_0.avg_salary,
        c1_0.career_id,
        c1_0.communication_score,
        c1_0.creative_score,
        c1_0.demand,
        c1_0.description,
        c1_0.global_opportunities,
        c1_0.growth,
        c1_0.leadership_score,
        c1_0.responsibilities,
        c1_0.salary_range,
        c1_0.skills,
        c1_0.tagline,
        c1_0.technical_score,
        c1_0.title,
        c1_0.top_location 
    from
        careers c1_0 
    where
        c1_0.career_id=?
Hibernate: 
    select
        s1_0.id,
        s1_0.description,
        s1_0.name 
    from
        skills s1_0 
    where
        s1_0.name=?
Hibernate: 
    select
        cs1_0.id 
    from
        career_skills cs1_0 
    where
        cs1_0.career_id=? 
        and cs1_0.skill_id=? 
    limit
        ?
Hibernate: 
    select
        s1_0.id,
        s1_0.description,
        s1_0.name 
    from
        skills s1_0 
    where
        s1_0.name=?
Hibernate: 
    select
        cs1_0.id 
    from
        career_skills cs1_0 
    where
        cs1_0.career_id=? 
        and cs1_0.skill_id=? 
    limit
        ?
Hibernate: 
    select
        s1_0.id,
        s1_0.description,
        s1_0.name 
    from
        skills s1_0 
    where
        s1_0.name=?
Hibernate: 
    select
        cs1_0.id 
    from
        career_skills cs1_0 
    where
        cs1_0.career_id=? 
        and cs1_0.skill_id=? 
    limit
        ?
Hibernate: 
    select
        s1_0.id,
        s1_0.description,
        s1_0.name 
    from
        skills s1_0 
    where
        s1_0.name=?
Hibernate: 
    select
        cs1_0.id 
    from
        career_skills cs1_0 
    where
        cs1_0.career_id=? 
        and cs1_0.skill_id=? 
    limit
        ?
Hibernate: 
    select
        s1_0.id,
        s1_0.description,
        s1_0.name 
    from
        skills s1_0 
    where
        s1_0.name=?
Hibernate: 
    select
        cs1_0.id 
    from
        career_skills cs1_0 
    where
        cs1_0.career_id=? 
        and cs1_0.skill_id=? 
    limit
        ?
Hibernate: 
    select
        c1_0.id,
        c1_0.analytical_score,
        c1_0.avg_salary,
        c1_0.career_id,
        c1_0.communication_score,
        c1_0.creative_score,
        c1_0.demand,
        c1_0.description,
        c1_0.global_opportunities,
        c1_0.growth,
        c1_0.leadership_score,
        c1_0.responsibilities,
        c1_0.salary_range,
        c1_0.skills,
        c1_0.tagline,
        c1_0.technical_score,
        c1_0.title,
        c1_0.top_location 
    from
        careers c1_0 
    where
        c1_0.career_id=?
Hibernate: 
    select
        s1_0.id,
        s1_0.description,
        s1_0.name 
    from
        skills s1_0 
    where
        s1_0.name=?
Hibernate: 
    select
        cs1_0.id 
    from
        career_skills cs1_0 
    where
        cs1_0.career_id=? 
        and cs1_0.skill_id=? 
    limit
        ?
Hibernate: 
    select
        s1_0.id,
        s1_0.description,
        s1_0.name 
    from
        skills s1_0 
    where
        s1_0.name=?
Hibernate: 
    select
        cs1_0.id 
    from
        career_skills cs1_0 
    where
        cs1_0.career_id=? 
        and cs1_0.skill_id=? 
    limit
        ?
Hibernate: 
    select
        s1_0.id,
        s1_0.description,
        s1_0.name 
    from
        skills s1_0 
    where
        s1_0.name=?
Hibernate: 
    select
        cs1_0.id 
    from
        career_skills cs1_0 
    where
        cs1_0.career_id=? 
        and cs1_0.skill_id=? 
    limit
        ?
Hibernate: 
    select
        s1_0.id,
        s1_0.description,
        s1_0.name 
    from
        skills s1_0 
    where
        s1_0.name=?
Hibernate: 
    select
        cs1_0.id 
    from
        career_skills cs1_0 
    where
        cs1_0.career_id=? 
        and cs1_0.skill_id=? 
    limit
        ?
Hibernate: 
    select
        s1_0.id,
        s1_0.description,
        s1_0.name 
    from
        skills s1_0 
    where
        s1_0.name=?
Hibernate: 
    select
        cs1_0.id 
    from
        career_skills cs1_0 
    where
        cs1_0.career_id=? 
        and cs1_0.skill_id=? 
    limit
        ?
Hibernate: 
    select
        c1_0.id,
        c1_0.analytical_score,
        c1_0.avg_salary,
        c1_0.career_id,
        c1_0.communication_score,
        c1_0.creative_score,
        c1_0.demand,
        c1_0.description,
        c1_0.global_opportunities,
        c1_0.growth,
        c1_0.leadership_score,
        c1_0.responsibilities,
        c1_0.salary_range,
        c1_0.skills,
        c1_0.tagline,
        c1_0.technical_score,
        c1_0.title,
        c1_0.top_location 
    from
        careers c1_0 
    where
        c1_0.career_id=?
Hibernate: 
    select
        s1_0.id,
        s1_0.description,
        s1_0.name 
    from
        skills s1_0 
    where
        s1_0.name=?
Hibernate: 
    select
        cs1_0.id 
    from
        career_skills cs1_0 
    where
        cs1_0.career_id=? 
        and cs1_0.skill_id=? 
    limit
        ?
Hibernate: 
    select
        s1_0.id,
        s1_0.description,
        s1_0.name 
    from
        skills s1_0 
    where
        s1_0.name=?
Hibernate: 
    select
        cs1_0.id 
    from
        career_skills cs1_0 
    where
        cs1_0.career_id=? 
        and cs1_0.skill_id=? 
    limit
        ?
Hibernate: 
    select
        s1_0.id,
        s1_0.description,
        s1_0.name 
    from
        skills s1_0 
    where
        s1_0.name=?
Hibernate: 
    select
        cs1_0.id 
    from
        career_skills cs1_0 
    where
        cs1_0.career_id=? 
        and cs1_0.skill_id=? 
    limit
        ?
Hibernate: 
    select
        s1_0.id,
        s1_0.description,
        s1_0.name 
    from
        skills s1_0 
    where
        s1_0.name=?
Hibernate: 
    select
        cs1_0.id 
    from
        career_skills cs1_0 
    where
        cs1_0.career_id=? 
        and cs1_0.skill_id=? 
    limit
        ?
Hibernate: 
    select
        s1_0.id,
        s1_0.description,
        s1_0.name 
    from
        skills s1_0 
    where
        s1_0.name=?
Hibernate: 
    select
        cs1_0.id 
    from
        career_skills cs1_0 
    where
        cs1_0.career_id=? 
        and cs1_0.skill_id=? 
    limit
        ?
Hibernate: 
    select
        c1_0.id,
        c1_0.analytical_score,
        c1_0.avg_salary,
        c1_0.career_id,
        c1_0.communication_score,
        c1_0.creative_score,
        c1_0.demand,
        c1_0.description,
        c1_0.global_opportunities,
        c1_0.growth,
        c1_0.leadership_score,
        c1_0.responsibilities,
        c1_0.salary_range,
        c1_0.skills,
        c1_0.tagline,
        c1_0.technical_score,
        c1_0.title,
        c1_0.top_location 
    from
        careers c1_0 
    where
        c1_0.career_id=?
Hibernate: 
    select
        s1_0.id,
        s1_0.description,
        s1_0.name 
    from
        skills s1_0 
    where
        s1_0.name=?
Hibernate: 
    select
        cs1_0.id 
    from
        career_skills cs1_0 
    where
        cs1_0.career_id=? 
        and cs1_0.skill_id=? 
    limit
        ?
Hibernate: 
    select
        s1_0.id,
        s1_0.description,
        s1_0.name 
    from
        skills s1_0 
    where
        s1_0.name=?
Hibernate: 
    select
        cs1_0.id 
    from
        career_skills cs1_0 
    where
        cs1_0.career_id=? 
        and cs1_0.skill_id=? 
    limit
        ?
Hibernate: 
    select
        s1_0.id,
        s1_0.description,
        s1_0.name 
    from
        skills s1_0 
    where
        s1_0.name=?
Hibernate: 
    select
        cs1_0.id 
    from
        career_skills cs1_0 
    where
        cs1_0.career_id=? 
        and cs1_0.skill_id=? 
    limit
        ?
Hibernate: 
    select
        s1_0.id,
        s1_0.description,
        s1_0.name 
    from
        skills s1_0 
    where
        s1_0.name=?
Hibernate: 
    select
        cs1_0.id 
    from
        career_skills cs1_0 
    where
        cs1_0.career_id=? 
        and cs1_0.skill_id=? 
    limit
        ?
Hibernate: 
    select
        s1_0.id,
        s1_0.description,
        s1_0.name 
    from
        skills s1_0 
    where
        s1_0.name=?
Hibernate: 
    select
        cs1_0.id 
    from
        career_skills cs1_0 
    where
        cs1_0.career_id=? 
        and cs1_0.skill_id=? 
    limit
        ?
Hibernate: 
    select
        count(*) 
    from
        roadmap_tasks rt1_0
Hibernate: 
    select
        c1_0.id,
        c1_0.analytical_score,
        c1_0.avg_salary,
        c1_0.career_id,
        c1_0.communication_score,
        c1_0.creative_score,
        c1_0.demand,
        c1_0.description,
        c1_0.global_opportunities,
        c1_0.growth,
        c1_0.leadership_score,
        c1_0.responsibilities,
        c1_0.salary_range,
        c1_0.skills,
        c1_0.tagline,
        c1_0.technical_score,
        c1_0.title,
        c1_0.top_location 
    from
        careers c1_0 
    where
        c1_0.career_id=?
Hibernate: 
    select
        s1_0.id,
        s1_0.description,
        s1_0.name 
    from
        skills s1_0 
    where
        s1_0.name=?
Hibernate: 
    select
        saq1_0.id,
        saq1_0.active,
        saq1_0.career_id,
        saq1_0.question,
        saq1_0.sequence_number,
        saq1_0.skill_id 
    from
        skill_assessment_questions saq1_0 
    join
        careers c1_0 
            on c1_0.id=saq1_0.career_id 
    join
        skills s1_0 
            on s1_0.id=saq1_0.skill_id 
    where
        c1_0.career_id=? 
        and s1_0.name=? 
        and saq1_0.sequence_number=?
Hibernate: 
    select
        s1_0.id,
        s1_0.description,
        s1_0.name 
    from
        skills s1_0 
    where
        s1_0.name=?
Hibernate: 
    select
        saq1_0.id,
        saq1_0.active,
        saq1_0.career_id,
        saq1_0.question,
        saq1_0.sequence_number,
        saq1_0.skill_id 
    from
        skill_assessment_questions saq1_0 
    join
        careers c1_0 
            on c1_0.id=saq1_0.career_id 
    join
        skills s1_0 
            on s1_0.id=saq1_0.skill_id 
    where
        c1_0.career_id=? 
        and s1_0.name=? 
        and saq1_0.sequence_number=?
Hibernate: 
    select
        s1_0.id,
        s1_0.description,
        s1_0.name 
    from
        skills s1_0 
    where
        s1_0.name=?
Hibernate: 
    select
        saq1_0.id,
        saq1_0.active,
        saq1_0.career_id,
        saq1_0.question,
        saq1_0.sequence_number,
        saq1_0.skill_id 
    from
        skill_assessment_questions saq1_0 
    join
        careers c1_0 
            on c1_0.id=saq1_0.career_id 
    join
        skills s1_0 
            on s1_0.id=saq1_0.skill_id 
    where
        c1_0.career_id=? 
        and s1_0.name=? 
        and saq1_0.sequence_number=?
Hibernate: 
    select
        s1_0.id,
        s1_0.description,
        s1_0.name 
    from
        skills s1_0 
    where
        s1_0.name=?
Hibernate: 
    select
        saq1_0.id,
        saq1_0.active,
        saq1_0.career_id,
        saq1_0.question,
        saq1_0.sequence_number,
        saq1_0.skill_id 
    from
        skill_assessment_questions saq1_0 
    join
        careers c1_0 
            on c1_0.id=saq1_0.career_id 
    join
        skills s1_0 
            on s1_0.id=saq1_0.skill_id 
    where
        c1_0.career_id=? 
        and s1_0.name=? 
        and saq1_0.sequence_number=?
Hibernate: 
    select
        s1_0.id,
        s1_0.description,
        s1_0.name 
    from
        skills s1_0 
    where
        s1_0.name=?
Hibernate: 
    select
        saq1_0.id,
        saq1_0.active,
        saq1_0.career_id,
        saq1_0.question,
        saq1_0.sequence_number,
        saq1_0.skill_id 
    from
        skill_assessment_questions saq1_0 
    join
        careers c1_0 
            on c1_0.id=saq1_0.career_id 
    join
        skills s1_0 
            on s1_0.id=saq1_0.skill_id 
    where
        c1_0.career_id=? 
        and s1_0.name=? 
        and saq1_0.sequence_number=?
Hibernate: 
    select
        s1_0.id,
        s1_0.description,
        s1_0.name 
    from
        skills s1_0 
    where
        s1_0.name=?
Hibernate: 
    select
        saq1_0.id,
        saq1_0.active,
        saq1_0.career_id,
        saq1_0.question,
        saq1_0.sequence_number,
        saq1_0.skill_id 
    from
        skill_assessment_questions saq1_0 
    join
        careers c1_0 
            on c1_0.id=saq1_0.career_id 
    join
        skills s1_0 
            on s1_0.id=saq1_0.skill_id 
    where
        c1_0.career_id=? 
        and s1_0.name=? 
        and saq1_0.sequence_number=?
Hibernate: 
    select
        s1_0.id,
        s1_0.description,
        s1_0.name 
    from
        skills s1_0 
    where
        s1_0.name=?
Hibernate: 
    select
        saq1_0.id,
        saq1_0.active,
        saq1_0.career_id,
        saq1_0.question,
        saq1_0.sequence_number,
        saq1_0.skill_id 
    from
        skill_assessment_questions saq1_0 
    join
        careers c1_0 
            on c1_0.id=saq1_0.career_id 
    join
        skills s1_0 
            on s1_0.id=saq1_0.skill_id 
    where
        c1_0.career_id=? 
        and s1_0.name=? 
        and saq1_0.sequence_number=?
Hibernate: 
    select
        c1_0.id,
        c1_0.analytical_score,
        c1_0.avg_salary,
        c1_0.career_id,
        c1_0.communication_score,
        c1_0.creative_score,
        c1_0.demand,
        c1_0.description,
        c1_0.global_opportunities,
        c1_0.growth,
        c1_0.leadership_score,
        c1_0.responsibilities,
        c1_0.salary_range,
        c1_0.skills,
        c1_0.tagline,
        c1_0.technical_score,
        c1_0.title,
        c1_0.top_location 
    from
        careers c1_0 
    where
        c1_0.career_id=?
Hibernate: 
    select
        s1_0.id,
        s1_0.description,
        s1_0.name 
    from
        skills s1_0 
    where
        s1_0.name=?
Hibernate: 
    select
        saq1_0.id,
        saq1_0.active,
        saq1_0.career_id,
        saq1_0.question,
        saq1_0.sequence_number,
        saq1_0.skill_id 
    from
        skill_assessment_questions saq1_0 
    join
        careers c1_0 
            on c1_0.id=saq1_0.career_id 
    join
        skills s1_0 
            on s1_0.id=saq1_0.skill_id 
    where
        c1_0.career_id=? 
        and s1_0.name=? 
        and saq1_0.sequence_number=?
Hibernate: 
    select
        s1_0.id,
        s1_0.description,
        s1_0.name 
    from
        skills s1_0 
    where
        s1_0.name=?
Hibernate: 
    select
        saq1_0.id,
        saq1_0.active,
        saq1_0.career_id,
        saq1_0.question,
        saq1_0.sequence_number,
        saq1_0.skill_id 
    from
        skill_assessment_questions saq1_0 
    join
        careers c1_0 
            on c1_0.id=saq1_0.career_id 
    join
        skills s1_0 
            on s1_0.id=saq1_0.skill_id 
    where
        c1_0.career_id=? 
        and s1_0.name=? 
        and saq1_0.sequence_number=?
Hibernate: 
    select
        s1_0.id,
        s1_0.description,
        s1_0.name 
    from
        skills s1_0 
    where
        s1_0.name=?
Hibernate: 
    select
        saq1_0.id,
        saq1_0.active,
        saq1_0.career_id,
        saq1_0.question,
        saq1_0.sequence_number,
        saq1_0.skill_id 
    from
        skill_assessment_questions saq1_0 
    join
        careers c1_0 
            on c1_0.id=saq1_0.career_id 
    join
        skills s1_0 
            on s1_0.id=saq1_0.skill_id 
    where
        c1_0.career_id=? 
        and s1_0.name=? 
        and saq1_0.sequence_number=?
Hibernate: 
    select
        s1_0.id,
        s1_0.description,
        s1_0.name 
    from
        skills s1_0 
    where
        s1_0.name=?
Hibernate: 
    select
        saq1_0.id,
        saq1_0.active,
        saq1_0.career_id,
        saq1_0.question,
        saq1_0.sequence_number,
        saq1_0.skill_id 
    from
        skill_assessment_questions saq1_0 
    join
        careers c1_0 
            on c1_0.id=saq1_0.career_id 
    join
        skills s1_0 
            on s1_0.id=saq1_0.skill_id 
    where
        c1_0.career_id=? 
        and s1_0.name=? 
        and saq1_0.sequence_number=?
Hibernate: 
    select
        s1_0.id,
        s1_0.description,
        s1_0.name 
    from
        skills s1_0 
    where
        s1_0.name=?
Hibernate: 
    select
        saq1_0.id,
        saq1_0.active,
        saq1_0.career_id,
        saq1_0.question,
        saq1_0.sequence_number,
        saq1_0.skill_id 
    from
        skill_assessment_questions saq1_0 
    join
        careers c1_0 
            on c1_0.id=saq1_0.career_id 
    join
        skills s1_0 
            on s1_0.id=saq1_0.skill_id 
    where
        c1_0.career_id=? 
        and s1_0.name=? 
        and saq1_0.sequence_number=?
Hibernate: 
    select
        s1_0.id,
        s1_0.description,
        s1_0.name 
    from
        skills s1_0 
    where
        s1_0.name=?
Hibernate: 
    select
        saq1_0.id,
        saq1_0.active,
        saq1_0.career_id,
        saq1_0.question,
        saq1_0.sequence_number,
        saq1_0.skill_id 
    from
        skill_assessment_questions saq1_0 
    join
        careers c1_0 
            on c1_0.id=saq1_0.career_id 
    join
        skills s1_0 
            on s1_0.id=saq1_0.skill_id 
    where
        c1_0.career_id=? 
        and s1_0.name=? 
        and saq1_0.sequence_number=?
Hibernate: 
    select
        s1_0.id,
        s1_0.description,
        s1_0.name 
    from
        skills s1_0 
    where
        s1_0.name=?
Hibernate: 
    select
        saq1_0.id,
        saq1_0.active,
        saq1_0.career_id,
        saq1_0.question,
        saq1_0.sequence_number,
        saq1_0.skill_id 
    from
        skill_assessment_questions saq1_0 
    join
        careers c1_0 
            on c1_0.id=saq1_0.career_id 
    join
        skills s1_0 
            on s1_0.id=saq1_0.skill_id 
    where
        c1_0.career_id=? 
        and s1_0.name=? 
        and saq1_0.sequence_number=?
Hibernate: 
    select
        c1_0.id,
        c1_0.analytical_score,
        c1_0.avg_salary,
        c1_0.career_id,
        c1_0.communication_score,
        c1_0.creative_score,
        c1_0.demand,
        c1_0.description,
        c1_0.global_opportunities,
        c1_0.growth,
        c1_0.leadership_score,
        c1_0.responsibilities,
        c1_0.salary_range,
        c1_0.skills,
        c1_0.tagline,
        c1_0.technical_score,
        c1_0.title,
        c1_0.top_location 
    from
        careers c1_0 
    where
        c1_0.career_id=?
Hibernate: 
    select
        s1_0.id,
        s1_0.description,
        s1_0.name 
    from
        skills s1_0 
    where
        s1_0.name=?
Hibernate: 
    select
        saq1_0.id,
        saq1_0.active,
        saq1_0.career_id,
        saq1_0.question,
        saq1_0.sequence_number,
        saq1_0.skill_id 
    from
        skill_assessment_questions saq1_0 
    join
        careers c1_0 
            on c1_0.id=saq1_0.career_id 
    join
        skills s1_0 
            on s1_0.id=saq1_0.skill_id 
    where
        c1_0.career_id=? 
        and s1_0.name=? 
        and saq1_0.sequence_number=?
Hibernate: 
    select
        s1_0.id,
        s1_0.description,
        s1_0.name 
    from
        skills s1_0 
    where
        s1_0.name=?
Hibernate: 
    select
        saq1_0.id,
        saq1_0.active,
        saq1_0.career_id,
        saq1_0.question,
        saq1_0.sequence_number,
        saq1_0.skill_id 
    from
        skill_assessment_questions saq1_0 
    join
        careers c1_0 
            on c1_0.id=saq1_0.career_id 
    join
        skills s1_0 
            on s1_0.id=saq1_0.skill_id 
    where
        c1_0.career_id=? 
        and s1_0.name=? 
        and saq1_0.sequence_number=?
Hibernate: 
    select
        s1_0.id,
        s1_0.description,
        s1_0.name 
    from
        skills s1_0 
    where
        s1_0.name=?
Hibernate: 
    select
        saq1_0.id,
        saq1_0.active,
        saq1_0.career_id,
        saq1_0.question,
        saq1_0.sequence_number,
        saq1_0.skill_id 
    from
        skill_assessment_questions saq1_0 
    join
        careers c1_0 
            on c1_0.id=saq1_0.career_id 
    join
        skills s1_0 
            on s1_0.id=saq1_0.skill_id 
    where
        c1_0.career_id=? 
        and s1_0.name=? 
        and saq1_0.sequence_number=?
Hibernate: 
    select
        s1_0.id,
        s1_0.description,
        s1_0.name 
    from
        skills s1_0 
    where
        s1_0.name=?
Hibernate: 
    select
        saq1_0.id,
        saq1_0.active,
        saq1_0.career_id,
        saq1_0.question,
        saq1_0.sequence_number,
        saq1_0.skill_id 
    from
        skill_assessment_questions saq1_0 
    join
        careers c1_0 
            on c1_0.id=saq1_0.career_id 
    join
        skills s1_0 
            on s1_0.id=saq1_0.skill_id 
    where
        c1_0.career_id=? 
        and s1_0.name=? 
        and saq1_0.sequence_number=?
Hibernate: 
    select
        s1_0.id,
        s1_0.description,
        s1_0.name 
    from
        skills s1_0 
    where
        s1_0.name=?
Hibernate: 
    select
        saq1_0.id,
        saq1_0.active,
        saq1_0.career_id,
        saq1_0.question,
        saq1_0.sequence_number,
        saq1_0.skill_id 
    from
        skill_assessment_questions saq1_0 
    join
        careers c1_0 
            on c1_0.id=saq1_0.career_id 
    join
        skills s1_0 
            on s1_0.id=saq1_0.skill_id 
    where
        c1_0.career_id=? 
        and s1_0.name=? 
        and saq1_0.sequence_number=?
Hibernate: 
    select
        c1_0.id,
        c1_0.analytical_score,
        c1_0.avg_salary,
        c1_0.career_id,
        c1_0.communication_score,
        c1_0.creative_score,
        c1_0.demand,
        c1_0.description,
        c1_0.global_opportunities,
        c1_0.growth,
        c1_0.leadership_score,
        c1_0.responsibilities,
        c1_0.salary_range,
        c1_0.skills,
        c1_0.tagline,
        c1_0.technical_score,
        c1_0.title,
        c1_0.top_location 
    from
        careers c1_0 
    where
        c1_0.career_id=?
Hibernate: 
    select
        s1_0.id,
        s1_0.description,
        s1_0.name 
    from
        skills s1_0 
    where
        s1_0.name=?
Hibernate: 
    select
        saq1_0.id,
        saq1_0.active,
        saq1_0.career_id,
        saq1_0.question,
        saq1_0.sequence_number,
        saq1_0.skill_id 
    from
        skill_assessment_questions saq1_0 
    join
        careers c1_0 
            on c1_0.id=saq1_0.career_id 
    join
        skills s1_0 
            on s1_0.id=saq1_0.skill_id 
    where
        c1_0.career_id=? 
        and s1_0.name=? 
        and saq1_0.sequence_number=?
Hibernate: 
    select
        s1_0.id,
        s1_0.description,
        s1_0.name 
    from
        skills s1_0 
    where
        s1_0.name=?
Hibernate: 
    select
        saq1_0.id,
        saq1_0.active,
        saq1_0.career_id,
        saq1_0.question,
        saq1_0.sequence_number,
        saq1_0.skill_id 
    from
        skill_assessment_questions saq1_0 
    join
        careers c1_0 
            on c1_0.id=saq1_0.career_id 
    join
        skills s1_0 
            on s1_0.id=saq1_0.skill_id 
    where
        c1_0.career_id=? 
        and s1_0.name=? 
        and saq1_0.sequence_number=?
Hibernate: 
    select
        s1_0.id,
        s1_0.description,
        s1_0.name 
    from
        skills s1_0 
    where
        s1_0.name=?
Hibernate: 
    select
        saq1_0.id,
        saq1_0.active,
        saq1_0.career_id,
        saq1_0.question,
        saq1_0.sequence_number,
        saq1_0.skill_id 
    from
        skill_assessment_questions saq1_0 
    join
        careers c1_0 
            on c1_0.id=saq1_0.career_id 
    join
        skills s1_0 
            on s1_0.id=saq1_0.skill_id 
    where
        c1_0.career_id=? 
        and s1_0.name=? 
        and saq1_0.sequence_number=?
Hibernate: 
    select
        s1_0.id,
        s1_0.description,
        s1_0.name 
    from
        skills s1_0 
    where
        s1_0.name=?
Hibernate: 
    select
        saq1_0.id,
        saq1_0.active,
        saq1_0.career_id,
        saq1_0.question,
        saq1_0.sequence_number,
        saq1_0.skill_id 
    from
        skill_assessment_questions saq1_0 
    join
        careers c1_0 
            on c1_0.id=saq1_0.career_id 
    join
        skills s1_0 
            on s1_0.id=saq1_0.skill_id 
    where
        c1_0.career_id=? 
        and s1_0.name=? 
        and saq1_0.sequence_number=?
Hibernate: 
    select
        s1_0.id,
        s1_0.description,
        s1_0.name 
    from
        skills s1_0 
    where
        s1_0.name=?
Hibernate: 
    select
        saq1_0.id,
        saq1_0.active,
        saq1_0.career_id,
        saq1_0.question,
        saq1_0.sequence_number,
        saq1_0.skill_id 
    from
        skill_assessment_questions saq1_0 
    join
        careers c1_0 
            on c1_0.id=saq1_0.career_id 
    join
        skills s1_0 
            on s1_0.id=saq1_0.skill_id 
    where
        c1_0.career_id=? 
        and s1_0.name=? 
        and saq1_0.sequence_number=?
Hibernate: 
    select
        c1_0.id,
        c1_0.analytical_score,
        c1_0.avg_salary,
        c1_0.career_id,
        c1_0.communication_score,
        c1_0.creative_score,
        c1_0.demand,
        c1_0.description,
        c1_0.global_opportunities,
        c1_0.growth,
        c1_0.leadership_score,
        c1_0.responsibilities,
        c1_0.salary_range,
        c1_0.skills,
        c1_0.tagline,
        c1_0.technical_score,
        c1_0.title,
        c1_0.top_location 
    from
        careers c1_0 
    where
        c1_0.career_id=?
Hibernate: 
    select
        s1_0.id,
        s1_0.description,
        s1_0.name 
    from
        skills s1_0 
    where
        s1_0.name=?
Hibernate: 
    select
        saq1_0.id,
        saq1_0.active,
        saq1_0.career_id,
        saq1_0.question,
        saq1_0.sequence_number,
        saq1_0.skill_id 
    from
        skill_assessment_questions saq1_0 
    join
        careers c1_0 
            on c1_0.id=saq1_0.career_id 
    join
        skills s1_0 
            on s1_0.id=saq1_0.skill_id 
    where
        c1_0.career_id=? 
        and s1_0.name=? 
        and saq1_0.sequence_number=?
Hibernate: 
    select
        s1_0.id,
        s1_0.description,
        s1_0.name 
    from
        skills s1_0 
    where
        s1_0.name=?
Hibernate: 
    select
        saq1_0.id,
        saq1_0.active,
        saq1_0.career_id,
        saq1_0.question,
        saq1_0.sequence_number,
        saq1_0.skill_id 
    from
        skill_assessment_questions saq1_0 
    join
        careers c1_0 
            on c1_0.id=saq1_0.career_id 
    join
        skills s1_0 
            on s1_0.id=saq1_0.skill_id 
    where
        c1_0.career_id=? 
        and s1_0.name=? 
        and saq1_0.sequence_number=?
Hibernate: 
    select
        s1_0.id,
        s1_0.description,
        s1_0.name 
    from
        skills s1_0 
    where
        s1_0.name=?
Hibernate: 
    select
        saq1_0.id,
        saq1_0.active,
        saq1_0.career_id,
        saq1_0.question,
        saq1_0.sequence_number,
        saq1_0.skill_id 
    from
        skill_assessment_questions saq1_0 
    join
        careers c1_0 
            on c1_0.id=saq1_0.career_id 
    join
        skills s1_0 
            on s1_0.id=saq1_0.skill_id 
    where
        c1_0.career_id=? 
        and s1_0.name=? 
        and saq1_0.sequence_number=?
Hibernate: 
    select
        s1_0.id,
        s1_0.description,
        s1_0.name 
    from
        skills s1_0 
    where
        s1_0.name=?
Hibernate: 
    select
        saq1_0.id,
        saq1_0.active,
        saq1_0.career_id,
        saq1_0.question,
        saq1_0.sequence_number,
        saq1_0.skill_id 
    from
        skill_assessment_questions saq1_0 
    join
        careers c1_0 
            on c1_0.id=saq1_0.career_id 
    join
        skills s1_0 
            on s1_0.id=saq1_0.skill_id 
    where
        c1_0.career_id=? 
        and s1_0.name=? 
        and saq1_0.sequence_number=?
Hibernate: 
    select
        s1_0.id,
        s1_0.description,
        s1_0.name 
    from
        skills s1_0 
    where
        s1_0.name=?
Hibernate: 
    select
        saq1_0.id,
        saq1_0.active,
        saq1_0.career_id,
        saq1_0.question,
        saq1_0.sequence_number,
        saq1_0.skill_id 
    from
        skill_assessment_questions saq1_0 
    join
        careers c1_0 
            on c1_0.id=saq1_0.career_id 
    join
        skills s1_0 
            on s1_0.id=saq1_0.skill_id 
    where
        c1_0.career_id=? 
        and s1_0.name=? 
        and saq1_0.sequence_number=?
Hibernate: 
    select
        c1_0.id,
        c1_0.analytical_score,
        c1_0.avg_salary,
        c1_0.career_id,
        c1_0.communication_score,
        c1_0.creative_score,
        c1_0.demand,
        c1_0.description,
        c1_0.global_opportunities,
        c1_0.growth,
        c1_0.leadership_score,
        c1_0.responsibilities,
        c1_0.salary_range,
        c1_0.skills,
        c1_0.tagline,
        c1_0.technical_score,
        c1_0.title,
        c1_0.top_location 
    from
        careers c1_0 
    where
        c1_0.career_id=?
Hibernate: 
    select
        s1_0.id,
        s1_0.description,
        s1_0.name 
    from
        skills s1_0 
    where
        s1_0.name=?
Hibernate: 
    select
        saq1_0.id,
        saq1_0.active,
        saq1_0.career_id,
        saq1_0.question,
        saq1_0.sequence_number,
        saq1_0.skill_id 
    from
        skill_assessment_questions saq1_0 
    join
        careers c1_0 
            on c1_0.id=saq1_0.career_id 
    join
        skills s1_0 
            on s1_0.id=saq1_0.skill_id 
    where
        c1_0.career_id=? 
        and s1_0.name=? 
        and saq1_0.sequence_number=?
Hibernate: 
    select
        s1_0.id,
        s1_0.description,
        s1_0.name 
    from
        skills s1_0 
    where
        s1_0.name=?
Hibernate: 
    select
        saq1_0.id,
        saq1_0.active,
        saq1_0.career_id,
        saq1_0.question,
        saq1_0.sequence_number,
        saq1_0.skill_id 
    from
        skill_assessment_questions saq1_0 
    join
        careers c1_0 
            on c1_0.id=saq1_0.career_id 
    join
        skills s1_0 
            on s1_0.id=saq1_0.skill_id 
    where
        c1_0.career_id=? 
        and s1_0.name=? 
        and saq1_0.sequence_number=?
Hibernate: 
    select
        s1_0.id,
        s1_0.description,
        s1_0.name 
    from
        skills s1_0 
    where
        s1_0.name=?
Hibernate: 
    select
        saq1_0.id,
        saq1_0.active,
        saq1_0.career_id,
        saq1_0.question,
        saq1_0.sequence_number,
        saq1_0.skill_id 
    from
        skill_assessment_questions saq1_0 
    join
        careers c1_0 
            on c1_0.id=saq1_0.career_id 
    join
        skills s1_0 
            on s1_0.id=saq1_0.skill_id 
    where
        c1_0.career_id=? 
        and s1_0.name=? 
        and saq1_0.sequence_number=?
Hibernate: 
    select
        s1_0.id,
        s1_0.description,
        s1_0.name 
    from
        skills s1_0 
    where
        s1_0.name=?
Hibernate: 
    select
        saq1_0.id,
        saq1_0.active,
        saq1_0.career_id,
        saq1_0.question,
        saq1_0.sequence_number,
        saq1_0.skill_id 
    from
        skill_assessment_questions saq1_0 
    join
        careers c1_0 
            on c1_0.id=saq1_0.career_id 
    join
        skills s1_0 
            on s1_0.id=saq1_0.skill_id 
    where
        c1_0.career_id=? 
        and s1_0.name=? 
        and saq1_0.sequence_number=?
Hibernate: 
    select
        s1_0.id,
        s1_0.description,
        s1_0.name 
    from
        skills s1_0 
    where
        s1_0.name=?
Hibernate: 
    select
        saq1_0.id,
        saq1_0.active,
        saq1_0.career_id,
        saq1_0.question,
        saq1_0.sequence_number,
        saq1_0.skill_id 
    from
        skill_assessment_questions saq1_0 
    join
        careers c1_0 
            on c1_0.id=saq1_0.career_id 
    join
        skills s1_0 
            on s1_0.id=saq1_0.skill_id 
    where
        c1_0.career_id=? 
        and s1_0.name=? 
        and saq1_0.sequence_number=?
]]></system-out>
    <system-err><![CDATA[Mockito is currently self-attaching to enable the inline-mock-maker. This will no longer work in future releases of the JDK. Please add Mockito as an agent to your build as described in Mockito's documentation: https://javadoc.io/doc/org.mockito/mockito-core/latest/org.mockito/org/mockito/Mockito.html#0.3
WARNING: A Java agent has been loaded dynamically (C:\Users\Sienna05\.m2\repository\net\bytebuddy\byte-buddy-agent\1.18.11\byte-buddy-agent-1.18.11.jar)
WARNING: If a serviceability tool is in use, please run with -XX:+EnableDynamicAgentLoading to hide this warning
WARNING: If a serviceability tool is not in use, please run with -Djdk.instrument.traceUsage for more information
WARNING: Dynamic loading of agents will be disallowed by default in a future release
]]></system-err>
  </testcase>
</testsuite>